<?xml version="1.0" encoding="UTF-8"?>
<testng-results skipped="0" failed="0" ignored="0" total="0" passed="0">
  <reporter-output>
  </reporter-output>
  <suite name="Default suite" duration-ms="47061" started-at="2018-06-29T05:46:08Z" finished-at="2018-06-29T05:46:55Z">
    <groups>
    </groups>
    <test name="Default test" duration-ms="47061" started-at="2018-06-29T05:46:08Z" finished-at="2018-06-29T05:46:55Z">
      <class name="com.synechron.javaappiumtestcases.SampleAVDTest">
        <test-method status="PASS" signature="setUp()[pri:0, instance:com.synechron.javaappiumtestcases.SampleAVDTest@ee68d8]" name="setUp" is-config="true" duration-ms="47041" started-at="2018-06-29T05:46:08Z" finished-at="2018-06-29T05:46:55Z">
          <reporter-output>
          </reporter-output>
        </test-method> <!-- setUp -->
      </class> <!-- com.synechron.javaappiumtestcases.SampleAVDTest -->
    </test> <!-- Default test -->
  </suite> <!-- Default suite -->
</testng-results>
